---------------------------------------
Begin Slurm Prolog: Feb-19-2025 13:30:05
Job ID:    2824466
User ID:   jshim87
Account:   gts-vfung3
Job name:  MattersimRunner
Partition: gpu-a100
QOS:       inferno
---------------------------------------

The following have been reloaded with a version change:
  1) anaconda3/2022.05.0.1 => anaconda3/2023.03


CondaError: Run 'conda init' before 'conda deactivate'

Traceback (most recent call last):
  File "/storage/home/hcoda1/7/jshim87/.conda/envs/graph_partitioning/lib/python3.11/site-packages/metis.py", line 430, in <module>
    _dll = ctypes.cdll.LoadLibrary(_dll_filename)
           ^^^^^^^^^^^^^^^^^^^^^^^^^^^^^^^^^^^^^^
  File "/storage/home/hcoda1/7/jshim87/.conda/envs/graph_partitioning/lib/python3.11/ctypes/__init__.py", line 454, in LoadLibrary
    return self._dlltype(name)
           ^^^^^^^^^^^^^^^^^^^
  File "/storage/home/hcoda1/7/jshim87/.conda/envs/graph_partitioning/lib/python3.11/ctypes/__init__.py", line 376, in __init__
    self._handle = _dlopen(self._name, mode)
                   ^^^^^^^^^^^^^^^^^^^^^^^^^
OSError: /storage/home/hcoda1/7/jshim87/local/lib/libmetis.so: undefined symbol: gk_jbufs

During handling of the above exception, another exception occurred:

Traceback (most recent call last):
  File "/storage/home/hcoda1/7/jshim87/atomic-graph-partitioning/mattersim_test.py", line 5, in <module>
    from partitioner import part_graph_extended
  File "/storage/home/hcoda1/7/jshim87/atomic-graph-partitioning/partitioner.py", line 2, in <module>
    import metis
  File "/storage/home/hcoda1/7/jshim87/.conda/envs/graph_partitioning/lib/python3.11/site-packages/metis.py", line 432, in <module>
    raise RuntimeError('Could not load METIS dll: %s' % _dll_filename)
RuntimeError: Could not load METIS dll: /storage/home/hcoda1/7/jshim87/local/lib/libmetis.so

ERROR conda.cli.main_run:execute(124): `conda run python mattersim_test.py` failed. (See above for error)
---------------------------------------
Begin Slurm Epilog: Feb-19-2025 13:30:31
Job ID:        2824466
User ID:       jshim87
Account:       gts-vfung3
Job name:      MattersimRunner
Resources:     cpu=1,gres/gpu:a100=1,mem=80G,node=1
Rsrc Used:     cput=00:00:26,vmem=0,walltime=00:00:26,mem=565576K,energy_used=0
Partition:     gpu-a100
QOS:           inferno
Nodes:         atl1-1-02-018-27-0
---------------------------------------
